0:100  0:100  MemLog inited, TSC freq: 2494226483
0:100  0:000  
0:100  0:000  Now is 17.2.2016,  15:7:13 (GMT+2047)
0:100  0:000  Starting Clover rev 3346 on American Megatrends EFI
0:100  0:000  SelfDevicePath=PciRoot(0x0)\Pci(0x1F,0x2)\Sata(0x4,0xFFFF,0x0)\HD(1,GPT,D7EE02F5-5F6A-4149-A85A-6459D348684D,0x800,0x100000) @C626BC98
0:100  0:000  SelfDirPath = \EFI\CLOVER
0:100  0:000  Total Memory Slots Count = 4
0:100  0:000  Type 17 Index = 0
0:100  0:000  SmbiosTable.Type17->Speed = 1600MHz
0:100  0:000  SmbiosTable.Type17->Size = 8192MB
0:100  0:000  SmbiosTable.Type17->Bank/Device = BANK 0 ChannelA-DIMM0
0:100  0:000  Type 17 Index = 1
0:100  0:000  Ignoring insane frequency value 0MHz
0:100  0:000  SmbiosTable.Type17->Speed = 0MHz
0:100  0:000  SmbiosTable.Type17->Size = 0MB
0:100  0:000  SmbiosTable.Type17->Bank/Device = BANK 1 ChannelA-DIMM1
0:100  0:000  Type 17 Index = 2
0:100  0:000  SmbiosTable.Type17->Speed = 1600MHz
0:100  0:000  SmbiosTable.Type17->Size = 4096MB
0:100  0:000  SmbiosTable.Type17->Bank/Device = BANK 2 ChannelB-DIMM0
0:100  0:000  Type 17 Index = 3
0:100  0:000  Ignoring insane frequency value 0MHz
0:100  0:000  SmbiosTable.Type17->Speed = 0MHz
0:100  0:000  SmbiosTable.Type17->Size = 0MB
0:100  0:000  SmbiosTable.Type17->Bank/Device = BANK 3 ChannelB-DIMM1
0:100  0:000  Boot status=0
0:100  0:000  Clover revision: 3346  running on W65_67SJ 
0:100  0:000  ... with board W65_67SJ powered by premamod.com 
0:100  0:000  CPU Vendor = 756E6547 Model=306C3
0:100  0:000  The CPU supported turbo
0:100  0:000  BrandString = Intel(R) Core(TM) i7-4710MQ CPU @ 2.50GHz
0:100  0:000  MSR 0xE2 before patch 1E008405
0:100  0:000  MSR 0xE2 is locked, PM patches will be turned on
0:100  0:000  MSR 0xE4              00021814
0:100  0:000  MSR 0xCE              00080838_F3011900
0:100  0:000  non-usable FLEX_RATIO = 50000
0:100  0:000  corrected FLEX_RATIO = 40000
0:100  0:000  MSR 0x1B0             00000000
0:100  0:000  FSBFrequency=100MHz DMIvalue=100000kHz
0:100  0:000  Corrected FSBFrequency=100MHz
0:100  0:000  Vendor/Model/Stepping: 0x756E6547/0x3C/0x3
0:100  0:000  Family/ExtFamily: 0x6/0x0
0:100  0:000  MaxDiv/MinDiv: 25.0/8
0:100  0:000  Turbo: 33/33/34/35
0:100  0:000  Features: 0xBFEBFBFF
0:100  0:000  Threads: 8
0:100  0:000  Cores: 4
0:100  0:000  FSB: 100 MHz
0:100  0:000  CPU: 2500 MHz
0:100  0:000  TSC: 2500 MHz
0:100  0:000  PIS: 400 MHz
0:100  0:000  PCI (00|00:00.00) : 8086 0C04 class=060000
0:100  0:000  PCI (00|00:01.00) : 8086 0C01 class=060400
0:100  0:000  PCI (00|01:00.00) : 10DE 1391 class=030200
0:100  0:000  PCI (00|00:02.00) : 8086 0416 class=030000
0:100  0:000  Found GFX model=Intel HD Graphics 4600
0:100  0:000  PCI (00|00:03.00) : 8086 0C0C class=040300
0:100  0:000  PCI (00|00:14.00) : 8086 8C31 class=0C0330
0:100  0:000  PCI (00|00:16.00) : 8086 8C3A class=078000
0:100  0:000  PCI (00|00:16.01) : FFFF FFFF class=FFFFFF
0:100  0:000  PCI (00|00:1A.00) : 8086 8C2D class=0C0320
0:100  0:000  PCI (00|00:1B.00) : 8086 8C20 class=040300
0:100  0:000  PCI (00|00:1C.00) : 8086 8C10 class=060400
0:100  0:000  PCI (00|00:1C.02) : 8086 8C14 class=060400
0:100  0:000  PCI (00|03:00.00) : 14E4 43B1 class=028000
0:100  0:000  PCI (00|00:1C.03) : 8086 8C16 class=060400
0:100  0:000  PCI (00|04:00.00) : 10EC 5289 class=FF0000
0:100  0:000  PCI (00|04:00.02) : 10EC 8168 class=020000
0:100  0:000  LAN 0, Vendor=10EC, MMIO=D000
0:100  0:000  PCI (00|00:1D.00) : 8086 8C26 class=0C0320
0:100  0:000  PCI (00|00:1F.00) : 8086 8C49 class=060100
0:100  0:000  PCI (00|00:1F.02) : 8086 8C03 class=010601
0:100  0:000  PCI (00|00:1F.03) : 8086 8C22 class=0C0500
0:100  0:000  PCI (00|00:1F.06) : FFFF FFFF class=FFFFFF
0:100  0:000  Clover load options size = 0 bytes
0:102  0:001  Using OEM config.plist at path: EFI\CLOVER\config.plist
0:102  0:000  EFI\CLOVER\config.plist loaded: Success
0:102  0:000  Found theme directory: applestyle
0:104  0:001  Found theme directory: BGM
0:105  0:001  Found theme directory: black_green
0:106  0:001  Found theme directory: BLUEMAC
0:108  0:001  Found theme directory: BOOTCAMP
0:110  0:001  Found theme directory: EMBEDDED
0:111  0:001  Found theme directory: ICLOVER
0:112  0:001  Found theme directory: magnifico
0:113  0:001  Found theme directory: METAL
0:114  0:001  Found theme directory: MRENGLES
0:115  0:001  Found theme directory: ORANGE
0:116  0:001  Found theme directory: OS_BOX
0:118  0:001  Found theme directory: OS_ONE
0:119  0:001  Found theme directory: RANDOM
0:121  0:001  Found theme directory: Shield
0:122  0:001  Found theme directory: THINKPAD
0:123  0:001  Found theme directory: Yosemite
0:125  0:001  Found theme directory: Yosemite S
0:126  0:001  Found theme directory: El Capitan
0:129  0:002  Loading early settings
0:129  0:000  timeout set to 3
0:129  0:000  Custom boot CUSTOM_BOOT_DISABLED (0x0)
0:129  0:000  ForceKextsToLoad: 1 requested
0:129  0:000  ForceKextsToLoad 0: System\Library\Extensions\IONetworkingFamily.kext
0:129  0:000  KextsToPatch: 18 requested
0:129  0:000  KextsToPatch 0: disabled:AppleIntelFrameBufferAzul (Enable internal display after sleep for 0x0a2e000a, 0x0a26000a) Kext bin patch, data len: 16
0:129  0:000  KextsToPatch 1: disabled:AppleIntelFramebufferAzul (Enable 128MB DVMT-prealloc, 0x0a2e0008) Kext bin patch, data len: 12
0:129  0:000  KextsToPatch 2: disabled:AppleIntelFramebufferAzul (HDMI-audio, port 0105(12), 0x0a2e0008, 0x0a16000c, 0x0a2e000d, 0x0a26000d) Kext bin patch, data len: 12
0:129  0:000  KextsToPatch 3: disabled:AppleIntelFramebufferAzul (HDMI-audio, port 0204, 0x0a2e0008, 0x0a16000c, 0x0a2e000d, 0x0a26000d) Kext bin patch, data len: 12
0:129  0:000  KextsToPatch 4: disabled:IOAHCIBlockStorage (Enable TRIM for SSD) Kext bin patch, data len: 11
0:129  0:000  KextsToPatch 5: IOGraphicsFamily (Second Stage Boot2) Kext bin patch, data len: 8
0:129  0:000  KextsToPatch 6: disabled:IOGraphicsFamily (Boot graphics glitch, 10.10.x/10.11.x (credit lisai9093, cecekpawon)) Kext bin patch, data len: 5
0:129  0:000  KextsToPatch 7: disabled:AppleIntelFramebufferAzul (HDMI-audio, port 0204(12), 0x0a260005 0x0a260006) Kext bin patch, data len: 12
0:129  0:000  KextsToPatch 8: disabled:AppleIntelFramebufferAzul (HDMI-audio, port 0105, 0x0a260005 0x0a260006, 0x0d220003, 0x0a2e000a, 0x0a26000a) Kext bin patch, data len: 12
0:129  0:000  KextsToPatch 9: IOGraphicsFamily (Second Stage Boot1) Kext bin patch, data len: 8
0:129  0:000  KextsToPatch 10: disabled:AppleIntelFramebufferAzul (HDMI-audio, port 0105, 0x0a2e0008, 0x0a16000c, 0x0a2e000d, 0x0a26000d) Kext bin patch, data len: 12
0:129  0:000  KextsToPatch 11: disabled:AppleIntelFramebufferAzul (Enable 96MB DVMT-prealloc, 0x0a2e0008) Kext bin patch, data len: 12
0:129  0:000  KextsToPatch 12: disabled:AppleIntelFramebufferAzul (HDMI-audio, port 0105(12), 0x0a260005 0x0a260006, 0x0d220003, 0x0a2e000a, 0x0a26000a) Kext bin patch, data len: 12
0:129  0:000  KextsToPatch 13: disabled:IOGraphicsFamily (Boot graphics glitch, 10.10.2/10.10.3) Kext bin patch, data len: 5
0:129  0:000  KextsToPatch 14: disabled:AppleIntelFramebufferAzul (HDMI-audio, port 0204, 0x0a260005 0x0a260006) Kext bin patch, data len: 12
0:129  0:000  KextsToPatch 15: disabled:AppleIntelFramebufferAzul (HDMI-audio, port 0204(12), 0x0a2e0008, 0x0a16000c, 0x0a2e000d, 0x0a26000d) Kext bin patch, data len: 12
0:129  0:000  KextsToPatch 16: AppleIntelFramebufferAzul (Enable 9MB cursor bytes, 0x0a260006) Kext bin patch, data len: 20
0:129  0:000  KextsToPatch 17: disabled:AppleIntelFramebufferAzul (Enable 128MB DVMT-prealloc, 48MB framebuffer, 48MB cursor bytes, 0x0a260006) Kext bin patch, data len: 20
0:129  0:000  Default theme: El Capitan
0:129  0:000  ** Warning: unknown custom entry Type 'Other'
0:129  0:000  LoadDrivers() start
0:131  0:002  Loading CsmVideoDxe-64.efi  status=Success
0:132  0:001   - driver needs connecting
0:132  0:000  Loading DataHubDxe-64.efi  status=Success
0:147  0:015  Loading EmuVariableUefi-64.efi  status=Success
0:148  0:000  EmuVariableUefi Initialize: VariableCommonInitialize = Success, orig services stored, install gEmuVariableControlProtocolGuid = Success
0:148  0:000  Loading FSInject-64.efi  status=Success
0:149  0:000  Loading HFSPlus-64.efi  status=Success
0:150  0:000   - driver needs connecting
0:150  0:000  Loading NTFS.EFI  status=Success
0:151  0:001   - driver needs connecting
0:151  0:000  Loading OsxFatBinaryDrv-64.efi  status=Success
0:151  0:000  Loading PartitionDxe-64.efi  status=Success
0:152  0:000   - driver needs connecting
0:152  0:000  Loading HFSPlus.efi  status=Success
0:153  0:001   - driver needs connecting
0:153  0:000  Loading OsxAptioFix2Drv-64.efi  status=Success
0:154  0:000  5 drivers needs connecting ...
0:154  0:000  PlatformDriverOverrideProtocol not found. Installing ... Success
0:154  0:000  Partition driver loaded: CD disconnect Success
0:154  0:000  HFS+ driver loaded 
0:154  0:000  Video driver loaded: disconnect Success
0:521  0:367  Searching for invalid DiskIo BY_DRIVER connects: not found, all ok
2:097  1:575  LoadDrivers() end
2:097  0:000  EmuVariable InstallEmulation: orig vars copied, emu.var.services installed, CreateEvent VirtualAddressChange = Success, CreateEvent ExitBootServices = Success, set Status=Success
2:112  0:014  Console modes reported: 4, available modes:
2:112  0:000    Mode 1: 80x25 (current mode)
2:112  0:000    Mode 2: 80x50
2:112  0:000    Mode 3: 100x31
2:112  0:000    Mode 4: 240x56
2:112  0:000  reinit: self device path=PciRoot(0x0)\Pci(0x1F,0x2)\Sata(0x4,0xFFFF,0x0)\HD(1,GPT,D7EE02F5-5F6A-4149-A85A-6459D348684D,0x800,0x100000)
2:112  0:000  MAC address of LAN #0= 80:FA:5B:0D:EF:6F:
2:112  0:000  ScanSPD() start
2:112  0:000  SMBus CmdReg: 0x3
2:112  0:000  Scanning SMBus [8086:8C22], mmio: 0xF7C19004, ioport: 0xF040, hostc: 0x11
2:112  0:000  Slots to scan [8]...
2:126  0:014  SPD[0]: Type 11 @0x50 
2:135  0:008  Not using XMP because it is not present
2:135  0:000  DDR speed 1600MHz 
2:135  0:000  Slot: 0 Type 24 8192MB 1600MHz Vendor=Kingston PartNo=KHX1600C9S3L8G SerialNo=0509020B0104040C 
2:155  0:020  SPD[2]: Type 11 @0x52 
2:163  0:008  Not using XMP because it is not present
2:163  0:000  DDR speed 1600MHz 
2:163  0:000  Slot: 2 Type 24 4096MB 1600MHz Vendor=Crucial Technology PartNo=CT51264BF160BJ.C8F SerialNo=0D0A09020D05000C 
2:193  0:030  ScanSPD() end
2:223  0:029  Get Acpi Tables List from RSDT:
2:223  0:000   Found table: FACP  A M I len=132
2:223  0:000   Found table: APIC  A M I len=146
2:223  0:000   Found table: FPDT  A M I len=68
2:223  0:000   Found table: ASF!   HCG len=165
2:223  0:000   Found table: SSDT  PtidDevc len=3986
2:223  0:000   Found table: SSDT  Cpu0Ist len=1337
2:223  0:000   Found table: SSDT  CpuPm len=2776
2:223  0:000   Found table: MCFG  A M I len=60
2:223  0:000   Found table: HPET  A M I len=56
2:223  0:000   Found table: SSDT  SataTabl len=789
2:223  0:000   Found table: SSDT  SaSsdt  len=7245
2:223  0:000   Found table: SSDT  SgPeg len=3886
2:223  0:000   Found table: SSDT  OptTabl len=7220
2:223  0:000   Found table: BGRT  A M I len=56
2:223  0:000  Calibrated TSC frequency =2494226483 =2494MHz
2:223  0:000  Loading main settings
2:223  0:000  USB FixOwnership: true
2:223  0:000  Dropping 1 tables
2:223  0:000  Drop table 0 signature="DMAR" (52414D44)
2:223  0:000  set table: 52414D44,                0 to drop:
2:223  0:000  Config set Fixes will override FixMask mask!
2:223  0:000     final mask=90000000
2:223  0:000  Config set PluginType=1
2:223  0:000  Config set ChassisType=0x8
2:223  0:000  found 14 volumes with blockIO
2:223  0:000   0. Volume:
2:223  0:000    PciRoot(0x0)\Pci(0x1F,0x2)\Sata(0x0,0xFFFF,0x0)
2:223  0:000    found optical drive
2:223  0:000   1. Volume:
2:223  0:000    PciRoot(0x0)\Pci(0x1F,0x2)\Sata(0x4,0xFFFF,0x0)
2:225  0:002   2. Volume:
2:225  0:000    PciRoot(0x0)\Pci(0x1F,0x2)\Sata(0x5,0xFFFF,0x0)
2:236  0:011   3. Volume:
2:236  0:000    PciRoot(0x0)\Pci(0x1F,0x2)\Sata(0x4,0xFFFF,0x0)\HD(1,GPT,D7EE02F5-5F6A-4149-A85A-6459D348684D,0x800,0x100000)
2:237  0:000    Result of bootcode detection: bootable Windows (vista,win)
2:239  0:002    This is SelfVolume !!
2:239  0:000   4. Volume:
2:239  0:000    PciRoot(0x0)\Pci(0x1F,0x2)\Sata(0x4,0xFFFF,0x0)\HD(2,GPT,B8E51AEF-3C7B-44B2-B0A3-E1359BFD2909,0x100800,0x7A000)
2:240  0:000   5. Volume:
2:240  0:000    PciRoot(0x0)\Pci(0x1F,0x2)\Sata(0x4,0xFFFF,0x0)\HD(3,GPT,5DFB63E9-068B-4843-B943-E9A60E352E33,0x17A800,0x7400800)
2:240  0:000    Result of bootcode detection: bootable Windows (vista,win)
2:241  0:000   6. Volume:
2:241  0:000    PciRoot(0x0)\Pci(0x1F,0x2)\Sata(0x4,0xFFFF,0x0)\HD(4,GPT,19B2E533-6005-439A-91DD-E48A3B11C2BD,0x757B000,0x77CB368)
2:241  0:000   7. Volume:
2:241  0:000    PciRoot(0x0)\Pci(0x1F,0x2)\Sata(0x4,0xFFFF,0x0)\HD(5,GPT,43FF74D0-974C-438F-904D-C3504680F6CA,0xED46368,0x135F20)
2:242  0:000   8. Volume:
2:242  0:000    PciRoot(0x0)\Pci(0x1F,0x2)\Sata(0x5,0xFFFF,0x0)\HD(1,GPT,CBBF9EC0-B34D-4191-B4F7-0ED6ADA6F417,0x800,0x9DC60E0)
2:242  0:000   9. Volume:
2:242  0:000    PciRoot(0x0)\Pci(0x1F,0x2)\Sata(0x5,0xFFFF,0x0)\HD(2,GPT,C4369FB4-3A5F-4C3F-8F14-EDBD00972C52,0x9DC68E0,0x135F20)
2:243  0:000  10. Volume:
2:243  0:000    PciRoot(0x0)\Pci(0x1F,0x2)\Sata(0x5,0xFFFF,0x0)\HD(3,GPT,18A5452A-266A-4AF6-9E54-AC6D632C82D8,0x9EFC800,0x105000)
2:255  0:011    Result of bootcode detection: bootable Windows (win)
2:255  0:000  11. Volume:
2:255  0:000    PciRoot(0x0)\Pci(0x1F,0x2)\Sata(0x5,0xFFFF,0x0)\HD(4,GPT,141FB526-BC82-4AC2-8FA5-E5A8E66649EB,0xA001800,0x23800800)
2:263  0:007    Result of bootcode detection: bootable Windows (vista,win)
2:270  0:007  12. Volume:
2:270  0:000    PciRoot(0x0)\Pci(0x1F,0x2)\Sata(0x5,0xFFFF,0x0)\HD(5,GPT,A55570EB-C74F-4338-B820-705988F369FD,0x2D802800,0x23800800)
2:285  0:015    Result of bootcode detection: bootable Windows (vista,win)
2:290  0:004  13. Volume:
2:290  0:000    PciRoot(0x0)\Pci(0x1F,0x2)\Sata(0x5,0xFFFF,0x0)\HD(6,GPT,B089EF57-1932-43C1-9756-9B0EA2E189C5,0x51003800,0x237021C1)
2:311  0:021    Result of bootcode detection: bootable Windows (vista,win)
2:351  0:040  Loading nvram.plist from Vol 'Mac' - loaded, size=1203
2:359  0:007  PutNvramPlistToRtVars ...
2:359  0:000   Skipping EmuVariableUefiPresent
2:359  0:000   Adding Key: acpi-backlight-level: Size = 2, Data: 00 04 
2:359  0:000   Adding Key: backlight-level: Size = 2, Data: FF FF 
2:359  0:000   Adding Key: bluetoothActiveControllerInfo: Size = 16, Data: FB 21 5C 0A 00 00 00 00 70 14 24 0A 64 03 AE A9 
2:359  0:000   Adding Key: boot-args: String: Size = 15, Val = 'kext-dev-mode=1'
2:359  0:000   Adding Key: bootercfg: Size = 2, Data: 28 00 
2:359  0:000   Adding Key: csr-active-config: Size = 4, Data: 67 00 00 00 
2:359  0:000   Adding Key: fmm-computer-name: Size = 19, Data: 48 73 75 E2 80 99 73 20 4D 61 63 42 6F 6F 6B 20 50 72 6F 
2:359  0:000   Adding Key: install-product-url: Size = 74, Data: 78 2D 6F 73 70 72 6F 64 75 63 74 3A 2F 2F 46 35 38 42 30 45 39 36 2D 38 32 46 46 2D 33 38 32 37 2D 39 33 42 46 2D 35 32 36 35 42 39 39 45 42 36 37 30 2F 4F 53 25 32 30 58 25 32 30 49 6E 73 74 61 6C 6C 25 32 30 44 61 74 61 
2:359  0:000   Adding Key: platform-uuid: Size = 16, Data: FC 61 68 46 95 1F 5F 37 9C 42 39 E4 8A 5F BD BA 
2:359  0:000   Adding Key: prev-lang:kbd: Size = 9, Data: 7A 68 2D 48 61 6E 73 3A 30 
2:359  0:000   Adding Key: rc_imgsrc_info: Size = 114, Data: 62 70 6C 69 73 74 30 30 A1 01 D1 02 03 5F 10 24 39 32 39 37 45 32 44 46 2D 42 34 31 45 2D 33 42 31 38 2D 39 43 33 44 2D 30 36 32 33 36 46 34 31 36 45 32 37 5F 10 17 49 6E 73 74 61 6C 6C 20 4F 53 20 58 20 45 6C 20 43 61 70 69 74 61 6E 08 0A 0D 34 00 00 00 00 00 00 01 01 00 00 00 00 00 00 00 04 00 00 00 00 00 00 00 00 00 00 00 00 00 00 00 4E 
2:359  0:000   Adding Key: security-mode: String: Size = 4, Val = 'none'
2:361  0:001  Using theme 'El Capitan' (EFI\CLOVER\themes\El Capitan)
2:361  0:000  OS main and drive as badge
2:361  0:000  Warning! Character width should be even!
2:364  0:003  Choosing theme El Capitan
2:364  0:000  found boot-args in NVRAM:kext-dev-mode=1, size=15
2:364  0:000  ...found arg:kext-dev-mode=1
2:364  0:000  Custom entries start
2:364  0:000  Custom entry 0 skipped because it is disabled.
2:364  0:000  Custom entries finish
2:364  0:000  Scanning loaders...
2:364  0:000   0: 'Whole Disc Boot' no file system
2:364  0:000   1: 'Whole Disc Boot' no file system
2:364  0:000   2: 'Whole Disc Boot' no file system
2:364  0:000   3: 'EFI'
2:367  0:002      AddLoaderEntry for Volume Name=EFI
2:367  0:000      Not match custom entry 0: Type: not match
2:382  0:015   4: 'Legacy HD2' no file system
2:382  0:000   5: ''
2:389  0:007   6: 'Mac OS X'
2:392  0:002      AddLoaderEntry for Volume Name=Mac OS X
2:392  0:000      Not match custom entry 0: Type: not match
2:393  0:001      Check if volume Is Hibernated:
2:393  0:000      Check sleep image 'by signature':
2:397  0:004      read prefs \Library\Preferences\SystemConfiguration\com.apple.PowerManagement.plist status=Success
2:397  0:000      using default sleep image name = \private\var\vm\sleepimage
2:399  0:001      Reading first 512 bytes of sleepimage ...
2:399  0:000   OurBlockIoRead: Lba=AE7B020, Offset=15CF604000 (BlockSize=512)
2:399  0:000   sig lion: 7A7A7A7A
2:399  0:000   sig snow: 0
2:399  0:000   no valid sleep image offset was found
2:399  0:000      Reading completed -> Success
2:399  0:000       sleepimage offset could not be acquired
2:399  0:000       hibernated: no - sign
2:400  0:001    Icon 17 (icons\vol_internal_hfs.icns) not found
2:400  0:000    Theme path EFI\CLOVER\themes\El Capitan, ThemeDir=C4E9A098
2:409  0:008   7: 'Recovery HD'
2:409  0:000      AddLoaderEntry for Volume Name=Recovery HD
2:409  0:000      Not match custom entry 0: Type: not match
2:419  0:009   8: 'Mac'
2:445  0:026      AddLoaderEntry for Volume Name=Mac
2:446  0:000      Not match custom entry 0: Type: not match
2:480  0:034      Check if volume Is Hibernated:
2:480  0:000      Check sleep image 'by signature':
2:555  0:074      read prefs \Library\Preferences\SystemConfiguration\com.apple.PowerManagement.plist status=Success
2:555  0:000      SleepImage name from pref: ImageVolume = 'Mac', ImageName = '\private\var\vm\sleepimage'
2:578  0:023      Reading first 512 bytes of sleepimage ...
2:582  0:004   OurBlockIoRead: Lba=2A80810, Offset=550102000 (BlockSize=512)
2:582  0:000   sig lion: 73696D65
2:582  0:000   sig snow: 0
2:582  0:000   got sleep image offset
2:582  0:000      Reading completed -> Success
2:582  0:000       sleepimage offset acquired successfully: 550102000
2:582  0:000       gSleepTime: 1436937953
2:589  0:007       HFS+ volume modifyDate: 1455721620
2:589  0:000       image older then volume: 18783667 sec
2:589  0:000       image too old
2:589  0:000       hibernated: no - time
2:599  0:009   9: 'Recovery HD'
2:608  0:009      AddLoaderEntry for Volume Name=Recovery HD
2:609  0:000      Not match custom entry 0: Type: not match
2:624  0:015  10: 'EFI'
2:631  0:006  11: 'oö'
2:638  0:006  12: '1P'
2:645  0:006  13: '‡c'
2:652  0:006  Custom legacy start
2:652  0:000  Custom legacy end
2:652  0:000  Scanning legacy ...
2:652  0:000   0: 'Whole Disc Boot' (legacy) not legacy
2:652  0:000   1: 'Whole Disc Boot' (legacy) not legacy
2:652  0:000   2: 'Whole Disc Boot' (legacy) not legacy
2:652  0:000   3: 'EFI' (vista,win) add legacy
2:654  0:001   added 'Boot Windows from EFI' OSType=2 Icon=vista,win
2:654  0:000   4: 'Legacy HD2' (legacy) not legacy
2:654  0:000   5: '' (vista,win) add legacy
2:655  0:001   added 'Boot Windows from ' OSType=2 Icon=vista,win
2:655  0:000   6: 'Mac OS X' (legacy) not legacy
2:655  0:000   7: 'Recovery HD' (legacy) not legacy
2:655  0:000   8: 'Mac' (legacy) not legacy
2:655  0:000   9: 'Recovery HD' (legacy) not legacy
2:655  0:000  10: 'EFI' (win) add legacy
2:657  0:001   added 'Boot Windows from EFI' OSType=2 Icon=win
2:657  0:000  11: 'oö' (vista,win) add legacy
2:658  0:001   added 'Boot Windows from oö' OSType=2 Icon=vista,win
2:658  0:000  12: '1P' (vista,win) add legacy
2:660  0:001   added 'Boot Windows from 1P' OSType=2 Icon=vista,win
2:660  0:000  13: '‡c' (vista,win) add legacy
2:661  0:001   added 'Boot Windows from ‡c' OSType=2 Icon=vista,win
2:661  0:000  Custom tool start
2:661  0:000  Custom tool end
2:663  0:002  found tool \EFI\CLOVER\tools\Shell64U.efi
2:663  0:000  Checking EFI partition Volume 3 for Clover
2:663  0:000   Found Clover
2:664  0:000  EmuVariable UninstallEmulation: CloseEvent = Success, original var services restored
2:664  0:000  Checking EFI partition Volume 10 for Clover
2:667  0:002  EmuVariable InstallEmulation: orig vars copied, emu.var.services installed, CreateEvent VirtualAddressChange = Success, CreateEvent ExitBootServices = Success, set Status=Success
2:682  0:014  GetEfiBootDeviceFromNvram: efi-boot-device-data not found
2:682  0:000  EfiBootVolume not found
2:682  0:000   found entry 1. 'Boot Mac OS X from Mac OS X', Volume 'Mac OS X', DevicePath 'PciRoot(0x0)\Pci(0x1F,0x2)\Sata(0x4,0xFFFF,0x0)\HD(4,GPT,19B2E533-6005-439A-91DD-E48A3B11C2BD,0x757B000,0x77CB368)\System\Library\CoreServices\boot.efi'
2:682  0:000  EmuVariable UninstallEmulation: CloseEvent = Success, original var services restored
2:682  0:000  DefaultIndex=1 and MainMenu.EntryCount=17
2:682  0:000  Use anime=Anim_1_Logo frames=150
3:119  0:437  GUI ready
